SF:lib/ui/core/components/loading_placeholder.dart
DA:6,3
DA:8,1
LF:2
LH:2
end_of_record
SF:lib/ui/home_screen/components/motel_item/motel_item.dart
DA:10,2
DA:12,2
DA:14,2
DA:17,2
DA:18,2
DA:19,2
DA:20,2
DA:22,2
DA:23,2
DA:24,2
DA:25,4
DA:29,2
DA:31,2
DA:34,2
DA:35,2
DA:36,4
DA:40,2
DA:42,2
DA:43,4
DA:45,2
DA:56,2
DA:57,2
DA:60,2
DA:61,8
DA:62,2
LF:25
LH:25
end_of_record
SF:lib/domain/motels/motel_entity.dart
DA:16,1
DA:25,1
DA:28,5
DA:29,1
DA:32,1
DA:33,1
DA:34,1
DA:35,2
DA:36,1
DA:37,1
DA:41,1
DA:42,1
DA:43,1
DA:44,1
DA:45,1
LF:15
LH:15
end_of_record
SF:lib/ui/core/styles/app_fonts.dart
DA:4,0
DA:8,4
DA:9,4
DA:17,3
DA:18,3
DA:26,2
DA:27,2
LF:7
LH:6
end_of_record
SF:lib/ui/home_screen/components/suite_item/suite_item.dart
DA:12,3
DA:14,3
DA:16,6
DA:18,3
DA:20,3
DA:21,3
DA:22,3
DA:23,3
DA:24,6
DA:26,3
DA:27,3
DA:29,3
DA:31,3
DA:34,12
DA:35,3
DA:36,3
DA:37,3
DA:42,3
DA:46,9
DA:52,3
DA:57,3
DA:59,3
DA:61,3
DA:63,3
DA:65,3
DA:66,12
DA:67,3
DA:70,6
DA:71,3
DA:72,3
DA:77,3
DA:80,3
DA:81,3
DA:82,3
DA:83,3
DA:85,3
DA:86,3
DA:87,3
DA:91,3
DA:92,3
DA:101,12
DA:102,3
DA:105,3
DA:107,3
DA:109,3
DA:110,3
DA:111,3
DA:113,3
DA:115,3
DA:116,3
DA:117,3
DA:118,3
DA:120,3
DA:121,6
DA:122,3
LF:55
LH:55
end_of_record
SF:lib/ui/core/components/svg_viewer.dart
DA:10,7
DA:18,3
DA:20,3
DA:22,3
DA:23,3
DA:24,3
DA:25,3
DA:26,2
LF:8
LH:8
end_of_record
SF:lib/ui/home_screen/components/home_app_bar/filter_motels.dart
DA:9,4
DA:11,3
DA:15,3
DA:16,3
DA:17,3
DA:18,3
DA:22,3
DA:24,3
DA:35,3
DA:36,3
DA:38,3
DA:39,3
DA:43,3
DA:44,3
DA:45,3
DA:47,3
DA:48,3
DA:50,3
DA:56,3
DA:57,3
DA:58,3
DA:62,3
DA:63,3
DA:65,3
LF:24
LH:24
end_of_record
SF:lib/ui/home_screen/components/home_app_bar/home_app_bar.dart
DA:12,3
DA:14,2
DA:15,2
DA:49,2
DA:51,4
DA:53,2
DA:61,2
DA:62,2
DA:63,2
DA:65,2
DA:66,2
DA:67,0
DA:72,2
DA:73,2
DA:74,2
DA:76,2
DA:79,2
DA:81,2
DA:88,2
DA:89,2
DA:90,2
DA:97,2
DA:98,2
DA:99,2
DA:101,2
DA:102,2
DA:108,2
DA:109,2
DA:110,2
DA:115,2
DA:116,0
DA:124,2
DA:126,2
DA:130,2
DA:131,2
DA:134,2
DA:135,2
DA:136,2
DA:138,2
DA:140,2
DA:147,2
DA:148,2
DA:149,2
DA:150,2
DA:151,2
DA:153,2
DA:155,2
DA:156,2
DA:158,2
DA:172,2
DA:174,2
DA:175,0
DA:176,0
DA:177,0
LF:54
LH:49
end_of_record
SF:lib/config/localization/localize.dart
DA:10,3
DA:12,1
DA:14,0
DA:15,0
DA:17,0
DA:18,0
DA:19,0
LF:7
LH:2
end_of_record
SF:lib/utils/service_locator/service_locator.dart
DA:9,0
DA:11,24
DA:13,7
DA:14,14
DA:17,7
DA:18,14
DA:21,0
DA:22,0
DA:25,3
DA:26,6
DA:29,0
DA:30,0
DA:31,0
DA:35,0
DA:36,0
DA:39,1
DA:42,2
DA:46,1
DA:47,1
DA:48,1
DA:49,1
DA:50,1
DA:53,2
DA:54,1
LF:24
LH:16
end_of_record
SF:lib/data/http/api_client.dart
DA:20,3
DA:22,1
DA:24,2
DA:26,3
DA:28,1
DA:33,3
DA:36,1
DA:37,3
DA:38,5
DA:39,5
DA:40,3
DA:41,3
DA:44,4
DA:45,2
DA:46,2
DA:48,1
DA:49,1
DA:50,2
DA:51,1
DA:55,1
DA:56,1
DA:57,1
DA:58,1
LF:23
LH:23
end_of_record
SF:lib/domain/errors/unexpected_error.dart
DA:8,2
DA:9,2
DA:11,1
DA:12,1
DA:14,1
DA:15,1
DA:17,4
LF:7
LH:7
end_of_record
SF:lib/data/http/endpoint.dart
DA:8,2
LF:1
LH:1
end_of_record
SF:lib/data/repositorys/di/repositorys_module.dart
DA:6,1
DA:8,1
LF:2
LH:2
end_of_record
SF:lib/data/repositorys/motels_repository.dart
DA:17,1
DA:19,1
DA:25,2
DA:27,1
DA:28,2
DA:29,3
DA:31,1
DA:32,1
DA:33,1
LF:9
LH:9
end_of_record
SF:lib/domain/suite/suite_categories_entity.dart
DA:5,5
LF:1
LH:1
end_of_record
SF:lib/domain/suite/suite_entity.dart
DA:14,5
LF:1
LH:1
end_of_record
SF:lib/domain/suite/suite_item_entity.dart
DA:4,5
LF:1
LH:1
end_of_record
SF:lib/domain/suite/suite_period_entity.dart
DA:8,5
LF:1
LH:1
end_of_record
SF:lib/ui/core/di/commoms_module.dart
DA:7,1
DA:9,2
DA:10,2
LF:3
LH:3
end_of_record
SF:lib/ui/core/extensions/numbers_extensions.dart
DA:4,3
DA:5,3
DA:6,3
LF:3
LH:3
end_of_record
SF:lib/ui/home_screen/bloc/home_state.dart
DA:4,1
DA:5,1
DA:14,2
DA:16,1
DA:17,2
DA:22,2
DA:24,1
DA:25,2
LF:8
LH:8
end_of_record
SF:lib/ui/home_screen/bloc/home_bloc.dart
DA:15,3
DA:16,2
DA:19,1
DA:20,2
DA:21,2
DA:22,1
DA:23,3
DA:24,3
LF:8
LH:8
end_of_record
SF:lib/ui/home_screen/di/home_screen_module.dart
DA:6,1
DA:8,1
LF:2
LH:2
end_of_record
SF:lib/ui/core/components/error_placeholder.dart
DA:12,1
DA:18,1
DA:20,2
DA:22,1
DA:25,1
DA:26,1
DA:27,1
DA:29,1
DA:32,1
DA:33,1
DA:34,1
DA:35,1
DA:36,1
LF:13
LH:13
end_of_record
SF:lib/ui/home_screen/home_screen_view.dart
DA:13,1
DA:15,1
DA:16,1
DA:21,1
DA:23,1
DA:25,3
DA:28,1
DA:30,1
DA:31,1
DA:32,1
DA:33,1
DA:35,3
DA:36,1
DA:37,0
DA:38,0
DA:41,1
DA:42,3
DA:43,1
DA:50,1
DA:51,1
DA:52,1
DA:63,2
DA:64,1
LF:23
LH:21
end_of_record
SF:lib/ui/home_screen/bloc/home_event.dart
LF:0
LH:0
end_of_record
