SF:lib/config/localization/localize.dart
DA:10,3
DA:12,1
DA:14,0
DA:15,0
DA:17,0
DA:18,0
DA:19,0
LF:7
LH:2
end_of_record
SF:lib/data/http/api_client.dart
DA:20,3
DA:22,1
DA:24,2
DA:26,3
DA:28,1
DA:33,3
DA:36,1
DA:37,3
DA:38,5
DA:39,5
DA:40,3
DA:41,3
DA:44,4
DA:45,2
DA:46,2
DA:48,1
DA:49,1
DA:50,2
DA:51,1
DA:55,1
DA:56,1
DA:57,1
DA:58,1
LF:23
LH:23
end_of_record
SF:lib/data/http/endpoint.dart
DA:8,2
LF:1
LH:1
end_of_record
SF:lib/domain/errors/unexpected_error.dart
DA:8,2
DA:9,2
DA:11,1
DA:12,1
DA:14,1
DA:15,1
DA:17,3
LF:7
LH:7
end_of_record
SF:lib/utils/service_locator/service_locator.dart
DA:9,0
DA:11,12
DA:13,3
DA:14,6
DA:17,4
DA:18,8
DA:21,0
DA:22,0
DA:25,2
DA:26,4
DA:29,0
DA:30,0
DA:31,0
DA:35,0
DA:36,0
DA:39,1
DA:42,2
DA:46,1
DA:47,1
DA:48,1
DA:49,1
DA:50,1
DA:53,2
DA:54,1
LF:24
LH:16
end_of_record
SF:lib/data/repositorys/di/repositorys_module.dart
DA:6,1
DA:8,1
LF:2
LH:2
end_of_record
SF:lib/data/repositorys/motels_repository.dart
DA:17,1
DA:19,1
DA:25,2
DA:27,1
DA:28,2
DA:29,3
DA:31,1
DA:32,1
DA:33,1
LF:9
LH:9
end_of_record
SF:lib/domain/motels/motel_entity.dart
DA:16,1
DA:25,1
DA:28,5
DA:29,1
DA:32,1
DA:33,1
DA:34,1
DA:35,2
DA:36,1
DA:37,1
DA:41,1
DA:42,1
DA:43,1
DA:44,1
DA:45,1
LF:15
LH:15
end_of_record
SF:lib/domain/suite/suite_categories_entity.dart
DA:5,2
LF:1
LH:1
end_of_record
SF:lib/domain/suite/suite_entity.dart
DA:14,2
LF:1
LH:1
end_of_record
SF:lib/domain/suite/suite_item_entity.dart
DA:4,2
LF:1
LH:1
end_of_record
SF:lib/domain/suite/suite_period_entity.dart
DA:8,2
LF:1
LH:1
end_of_record
SF:lib/ui/core/di/commoms_module.dart
DA:7,1
DA:9,2
DA:10,2
LF:3
LH:3
end_of_record
SF:lib/ui/home_screen/bloc/home_state.dart
DA:11,1
DA:16,1
LF:2
LH:2
end_of_record
SF:lib/ui/home_screen/bloc/home_bloc.dart
DA:14,0
DA:15,0
DA:18,0
DA:19,0
DA:20,0
DA:21,0
DA:22,0
DA:23,0
LF:8
LH:0
end_of_record
SF:lib/ui/home_screen/di/home_screen_module.dart
DA:6,1
DA:8,1
DA:9,0
LF:3
LH:2
end_of_record
SF:lib/ui/home_screen/home_screen_view.dart
DA:13,1
DA:15,1
DA:16,1
DA:21,1
DA:23,1
DA:25,3
DA:28,1
DA:30,1
DA:31,1
DA:32,1
DA:33,1
DA:35,3
DA:36,1
DA:37,0
DA:38,0
DA:41,1
DA:42,3
DA:43,1
DA:50,1
DA:51,1
DA:52,1
DA:63,2
DA:64,1
LF:23
LH:21
end_of_record
SF:lib/ui/core/components/error_placeholder.dart
DA:12,1
DA:18,1
DA:20,2
DA:22,1
DA:25,1
DA:26,1
DA:27,1
DA:29,1
DA:32,1
DA:33,1
DA:34,1
DA:35,1
DA:36,1
LF:13
LH:13
end_of_record
SF:lib/ui/core/styles/app_fonts.dart
DA:4,0
DA:8,1
DA:9,1
DA:17,0
DA:18,0
DA:26,1
DA:27,1
LF:7
LH:4
end_of_record
SF:lib/ui/core/components/loading_placeholder.dart
DA:6,1
DA:8,0
LF:2
LH:1
end_of_record
SF:lib/ui/core/components/svg_viewer.dart
DA:10,2
DA:18,1
DA:20,1
DA:22,1
DA:23,1
DA:24,1
DA:25,1
DA:26,1
LF:8
LH:8
end_of_record
SF:lib/ui/core/extensions/numbers_extensions.dart
DA:4,1
DA:5,1
DA:6,1
LF:3
LH:3
end_of_record
SF:lib/ui/home_screen/components/home_app_bar/filter_motels.dart
DA:11,1
DA:13,1
DA:17,1
DA:18,1
DA:19,1
DA:20,1
DA:24,1
DA:26,1
DA:37,1
DA:38,1
DA:40,1
DA:41,1
DA:45,1
DA:46,1
DA:47,1
DA:49,1
DA:50,1
DA:52,1
DA:53,1
DA:54,1
DA:61,1
DA:62,1
DA:63,1
DA:67,1
DA:68,1
DA:70,1
LF:26
LH:26
end_of_record
SF:lib/ui/home_screen/components/home_app_bar/home_app_bar.dart
DA:12,1
DA:14,1
DA:15,1
DA:49,1
DA:51,2
DA:53,1
DA:61,1
DA:62,1
DA:63,1
DA:65,1
DA:66,1
DA:67,0
DA:72,1
DA:73,1
DA:74,1
DA:76,1
DA:79,1
DA:81,1
DA:88,1
DA:89,1
DA:90,1
DA:97,1
DA:98,1
DA:99,1
DA:101,1
DA:102,1
DA:108,1
DA:109,1
DA:110,1
DA:115,1
DA:116,0
DA:124,1
DA:126,1
DA:130,1
DA:131,1
DA:134,1
DA:135,1
DA:136,1
DA:138,1
DA:140,1
DA:147,1
DA:148,1
DA:149,1
DA:150,1
DA:151,1
DA:153,1
DA:155,1
DA:156,1
DA:158,1
DA:172,1
DA:174,1
DA:175,0
DA:176,0
DA:177,0
LF:54
LH:49
end_of_record
SF:lib/ui/home_screen/components/motel_item/motel_item.dart
DA:10,1
DA:12,1
DA:14,1
DA:17,1
DA:18,1
DA:19,1
DA:20,1
DA:22,1
DA:23,1
DA:24,1
DA:25,2
DA:29,1
DA:31,1
DA:34,1
DA:35,1
DA:36,2
DA:40,1
DA:42,1
DA:43,2
DA:45,1
DA:56,1
DA:57,1
DA:60,1
DA:61,4
DA:62,1
LF:25
LH:25
end_of_record
SF:lib/ui/home_screen/components/suite_item/suite_item.dart
DA:12,1
DA:14,1
DA:16,2
DA:18,1
DA:20,1
DA:21,1
DA:22,1
DA:23,1
DA:24,2
DA:26,1
DA:27,1
DA:29,1
DA:31,1
DA:34,4
DA:35,1
DA:36,1
DA:37,1
DA:42,1
DA:46,3
DA:52,1
DA:57,1
DA:59,1
DA:61,1
DA:63,1
DA:65,1
DA:66,4
DA:67,1
DA:70,2
DA:71,1
DA:72,1
DA:77,1
DA:80,1
DA:81,1
DA:82,1
DA:83,1
DA:85,1
DA:86,1
DA:87,1
DA:91,1
DA:92,1
DA:101,4
DA:102,1
DA:105,1
DA:107,1
DA:109,1
DA:110,1
DA:111,1
DA:113,1
DA:115,1
DA:116,1
DA:117,1
DA:118,1
DA:120,1
DA:121,2
DA:122,1
LF:55
LH:55
end_of_record
